2013-10-13 02:36:14,350 [main] INFO  c.n.h.c.p.n.NettyAsyncHttpProvider - Number of application's worked threads is 8
2013-10-13 02:36:17,807 [pool-6-thread-1] INFO  c.n.h.c.p.n.NettyAsyncHttpProvider - Number of application's worked threads is 8
2013-10-13 02:36:18,019 [main] ERROR o.e.r.i.r.repo.ModelRepositoryIndex - Failed to open search index.
org.apache.lucene.index.IndexNotFoundException: no segments* file found in org.apache.lucene.store.MMapDirectory@/home/dammina/plugin_v_final/.metadata/.plugins/org.eclipse.recommenders.rcp/index lockFactory=org.apache.lucene.store.NativeFSLockFactory@6569ce6b: files: []
	at org.apache.lucene.index.SegmentInfos$FindSegmentsFile.run(SegmentInfos.java:712) ~[org.apache.lucene.core_3.5.0.v20120725-1805.jar:3.5.0 1204988 - simon - 2011-11-22 14:46:51]
	at org.apache.lucene.index.DirectoryReader.open(DirectoryReader.java:75) ~[org.apache.lucene.core_3.5.0.v20120725-1805.jar:3.5.0 1204988 - simon - 2011-11-22 14:46:51]
	at org.apache.lucene.index.IndexReader.open(IndexReader.java:462) ~[org.apache.lucene.core_3.5.0.v20120725-1805.jar:3.5.0 1204988 - simon - 2011-11-22 14:46:51]
	at org.apache.lucene.index.IndexReader.open(IndexReader.java:308) ~[org.apache.lucene.core_3.5.0.v20120725-1805.jar:3.5.0 1204988 - simon - 2011-11-22 14:46:51]
	at org.eclipse.recommenders.internal.rcp.repo.ModelRepositoryIndex.open(ModelRepositoryIndex.java:64) ~[org.eclipse.recommenders.rcp_1.0.4.v20130612-1006-b77.jar:na]
	at org.eclipse.recommenders.internal.rcp.wiring.RecommendersModule$ServicesInitializer.<init>(RecommendersModule.java:377) [org.eclipse.recommenders.rcp_1.0.4.v20130612-1006-b77.jar:na]
	at sun.reflect.NativeConstructorAccessorImpl.newInstance0(Native Method) [na:1.7.0_15]
	at sun.reflect.NativeConstructorAccessorImpl.newInstance(NativeConstructorAccessorImpl.java:57) [na:1.7.0_15]
	at sun.reflect.DelegatingConstructorAccessorImpl.newInstance(DelegatingConstructorAccessorImpl.java:45) [na:1.7.0_15]
	at java.lang.reflect.Constructor.newInstance(Constructor.java:525) [na:1.7.0_15]
	at com.google.inject.internal.DefaultConstructionProxyFactory$1.newInstance(DefaultConstructionProxyFactory.java:85) [com.google.inject_3.0.0.v201203062045.jar:na]
	at com.google.inject.internal.ConstructorInjector.construct(ConstructorInjector.java:85) [com.google.inject_3.0.0.v201203062045.jar:na]
	at com.google.inject.internal.ConstructorBindingImpl$Factory.get(ConstructorBindingImpl.java:254) [com.google.inject_3.0.0.v201203062045.jar:na]
	at com.google.inject.internal.ProviderToInternalFactoryAdapter$1.call(ProviderToInternalFactoryAdapter.java:46) [com.google.inject_3.0.0.v201203062045.jar:na]
	at com.google.inject.internal.InjectorImpl.callInContext(InjectorImpl.java:1031) [com.google.inject_3.0.0.v201203062045.jar:na]
	at com.google.inject.internal.ProviderToInternalFactoryAdapter.get(ProviderToInternalFactoryAdapter.java:40) [com.google.inject_3.0.0.v201203062045.jar:na]
	at com.google.inject.Scopes$1$1.get(Scopes.java:65) [com.google.inject_3.0.0.v201203062045.jar:na]
	at com.google.inject.internal.InternalFactoryToProviderAdapter.get(InternalFactoryToProviderAdapter.java:40) [com.google.inject_3.0.0.v201203062045.jar:na]
	at com.google.inject.internal.InternalInjectorCreator$1.call(InternalInjectorCreator.java:204) [com.google.inject_3.0.0.v201203062045.jar:na]
	at com.google.inject.internal.InternalInjectorCreator$1.call(InternalInjectorCreator.java:198) [com.google.inject_3.0.0.v201203062045.jar:na]
	at com.google.inject.internal.InjectorImpl.callInContext(InjectorImpl.java:1024) [com.google.inject_3.0.0.v201203062045.jar:na]
	at com.google.inject.internal.InternalInjectorCreator.loadEagerSingletons(InternalInjectorCreator.java:198) [com.google.inject_3.0.0.v201203062045.jar:na]
	at com.google.inject.internal.InternalInjectorCreator.injectDynamically(InternalInjectorCreator.java:179) [com.google.inject_3.0.0.v201203062045.jar:na]
	at com.google.inject.internal.InternalInjectorCreator.build(InternalInjectorCreator.java:109) [com.google.inject_3.0.0.v201203062045.jar:na]
	at com.google.inject.Guice.createInjector(Guice.java:95) [com.google.inject_3.0.0.v201203062045.jar:na]
	at com.google.inject.Guice.createInjector(Guice.java:72) [com.google.inject_3.0.0.v201203062045.jar:na]
	at org.eclipse.recommenders.injection.InjectionService.getInjector(InjectionService.java:47) [org.eclipse.recommenders.injection_1.0.4.v20130612-1006-b77.jar:na]
	at org.eclipse.recommenders.injection.ExtensionFactory.<init>(ExtensionFactory.java:28) [org.eclipse.recommenders.injection_1.0.4.v20130612-1006-b77.jar:na]
	at sun.reflect.NativeConstructorAccessorImpl.newInstance0(Native Method) [na:1.7.0_15]
	at sun.reflect.NativeConstructorAccessorImpl.newInstance(NativeConstructorAccessorImpl.java:57) [na:1.7.0_15]
	at sun.reflect.DelegatingConstructorAccessorImpl.newInstance(DelegatingConstructorAccessorImpl.java:45) [na:1.7.0_15]
	at java.lang.reflect.Constructor.newInstance(Constructor.java:525) [na:1.7.0_15]
	at java.lang.Class.newInstance0(Class.java:374) [na:1.7.0_15]
	at java.lang.Class.newInstance(Class.java:327) [na:1.7.0_15]
	at org.eclipse.core.internal.registry.osgi.RegistryStrategyOSGI.createExecutableExtension(RegistryStrategyOSGI.java:184) [org.eclipse.equinox.registry_3.5.300.v20130327-1442.jar:na]
	at org.eclipse.core.internal.registry.ExtensionRegistry.createExecutableExtension(ExtensionRegistry.java:905) [org.eclipse.equinox.registry_3.5.300.v20130327-1442.jar:na]
	at org.eclipse.core.internal.registry.ConfigurationElement.createExecutableExtension(ConfigurationElement.java:243) [org.eclipse.equinox.registry_3.5.300.v20130327-1442.jar:na]
	at org.eclipse.core.internal.registry.ConfigurationElementHandle.createExecutableExtension(ConfigurationElementHandle.java:55) [org.eclipse.equinox.registry_3.5.300.v20130327-1442.jar:na]
	at org.eclipse.jdt.internal.ui.text.java.CompletionProposalComputerDescriptor.createComputer(CompletionProposalComputerDescriptor.java:308) [org.eclipse.jdt.ui_3.9.1.v20130820-1427.jar:na]
	at org.eclipse.jdt.internal.ui.text.java.CompletionProposalComputerDescriptor.getComputer(CompletionProposalComputerDescriptor.java:275) [org.eclipse.jdt.ui_3.9.1.v20130820-1427.jar:na]
	at org.eclipse.jdt.internal.ui.text.java.CompletionProposalComputerDescriptor.sessionStarted(CompletionProposalComputerDescriptor.java:418) [org.eclipse.jdt.ui_3.9.1.v20130820-1427.jar:na]
	at org.eclipse.jdt.internal.ui.text.java.CompletionProposalCategory.sessionStarted(CompletionProposalCategory.java:384) [org.eclipse.jdt.ui_3.9.1.v20130820-1427.jar:na]
	at org.eclipse.jdt.internal.ui.text.java.ContentAssistProcessor$CompletionListener.assistSessionStarted(ContentAssistProcessor.java:119) [org.eclipse.jdt.ui_3.9.1.v20130820-1427.jar:na]
	at org.eclipse.jface.text.contentassist.ContentAssistant.fireSessionBeginEvent(ContentAssistant.java:2221) [org.eclipse.jface.text_3.8.100.v20130515-1957.jar:na]
	at org.eclipse.jface.text.contentassist.ContentAssistant.prepareToShowCompletions(ContentAssistant.java:1696) [org.eclipse.jface.text_3.8.100.v20130515-1957.jar:na]
	at org.eclipse.jface.text.contentassist.ContentAssistant.showPossibleCompletions(ContentAssistant.java:1661) [org.eclipse.jface.text_3.8.100.v20130515-1957.jar:na]
	at org.eclipse.jdt.internal.ui.javaeditor.CompilationUnitEditor$AdaptedSourceViewer.doOperation(CompilationUnitEditor.java:183) [org.eclipse.jdt.ui_3.9.1.v20130820-1427.jar:na]
	at org.eclipse.ui.texteditor.ContentAssistAction$1.run(ContentAssistAction.java:82) [org.eclipse.ui.workbench.texteditor_3.8.100.v20130514-1533.jar:na]
	at org.eclipse.swt.custom.BusyIndicator.showWhile(BusyIndicator.java:70) [org.eclipse.swt.gtk.linux.x86_64_3.102.0.v20130605-1544.jar:na]
	at org.eclipse.ui.texteditor.ContentAssistAction.run(ContentAssistAction.java:80) [org.eclipse.ui.workbench.texteditor_3.8.100.v20130514-1533.jar:na]
	at org.eclipse.jface.action.Action.runWithEvent(Action.java:499) [org.eclipse.jface_3.9.0.v20130521-1714.jar:na]
	at org.eclipse.jface.commands.ActionHandler.execute(ActionHandler.java:119) [org.eclipse.jface_3.9.0.v20130521-1714.jar:na]
	at org.eclipse.ui.internal.handlers.E4HandlerProxy.execute(E4HandlerProxy.java:90) [org.eclipse.ui.workbench_3.105.0.v20130529-1406.jar:na]
	at sun.reflect.NativeMethodAccessorImpl.invoke0(Native Method) ~[na:1.7.0_15]
	at sun.reflect.NativeMethodAccessorImpl.invoke(NativeMethodAccessorImpl.java:57) ~[na:1.7.0_15]
	at sun.reflect.DelegatingMethodAccessorImpl.invoke(DelegatingMethodAccessorImpl.java:43) ~[na:1.7.0_15]
	at java.lang.reflect.Method.invoke(Method.java:601) ~[na:1.7.0_15]
	at org.eclipse.e4.core.internal.di.MethodRequestor.execute(MethodRequestor.java:56) [org.eclipse.e4.core.di_1.3.0.v20130514-1256.jar:na]
	at org.eclipse.e4.core.internal.di.InjectorImpl.invokeUsingClass(InjectorImpl.java:243) [org.eclipse.e4.core.di_1.3.0.v20130514-1256.jar:na]
	at org.eclipse.e4.core.internal.di.InjectorImpl.invoke(InjectorImpl.java:224) [org.eclipse.e4.core.di_1.3.0.v20130514-1256.jar:na]
	at org.eclipse.e4.core.contexts.ContextInjectionFactory.invoke(ContextInjectionFactory.java:132) [org.eclipse.e4.core.contexts_1.3.0.v20130514-1256.jar:na]
	at org.eclipse.e4.core.commands.internal.HandlerServiceHandler.execute(HandlerServiceHandler.java:167) [org.eclipse.e4.core.commands_0.10.2.v20130515-1857.jar:na]
	at org.eclipse.core.commands.Command.executeWithChecks(Command.java:499) [org.eclipse.core.commands_3.6.100.v20130515-1857.jar:na]
	at org.eclipse.core.commands.ParameterizedCommand.executeWithChecks(ParameterizedCommand.java:508) [org.eclipse.core.commands_3.6.100.v20130515-1857.jar:na]
	at org.eclipse.e4.core.commands.internal.HandlerServiceImpl.executeHandler(HandlerServiceImpl.java:213) [org.eclipse.e4.core.commands_0.10.2.v20130515-1857.jar:na]
	at org.eclipse.e4.ui.bindings.keys.KeyBindingDispatcher.executeCommand(KeyBindingDispatcher.java:285) [org.eclipse.e4.ui.bindings_0.10.100.v20130515-1857.jar:na]
	at org.eclipse.e4.ui.bindings.keys.KeyBindingDispatcher.press(KeyBindingDispatcher.java:504) [org.eclipse.e4.ui.bindings_0.10.100.v20130515-1857.jar:na]
	at org.eclipse.e4.ui.bindings.keys.KeyBindingDispatcher.processKeyEvent(KeyBindingDispatcher.java:555) [org.eclipse.e4.ui.bindings_0.10.100.v20130515-1857.jar:na]
	at org.eclipse.e4.ui.bindings.keys.KeyBindingDispatcher.filterKeySequenceBindings(KeyBindingDispatcher.java:376) [org.eclipse.e4.ui.bindings_0.10.100.v20130515-1857.jar:na]
	at org.eclipse.e4.ui.bindings.keys.KeyBindingDispatcher.access$0(KeyBindingDispatcher.java:322) [org.eclipse.e4.ui.bindings_0.10.100.v20130515-1857.jar:na]
	at org.eclipse.e4.ui.bindings.keys.KeyBindingDispatcher$KeyDownFilter.handleEvent(KeyBindingDispatcher.java:84) [org.eclipse.e4.ui.bindings_0.10.100.v20130515-1857.jar:na]
	at org.eclipse.swt.widgets.EventTable.sendEvent(EventTable.java:84) [org.eclipse.swt.gtk.linux.x86_64_3.102.0.v20130605-1544.jar:na]
	at org.eclipse.swt.widgets.Display.filterEvent(Display.java:1554) [org.eclipse.swt.gtk.linux.x86_64_3.102.0.v20130605-1544.jar:na]
	at org.eclipse.swt.widgets.Widget.sendEvent(Widget.java:1391) [org.eclipse.swt.gtk.linux.x86_64_3.102.0.v20130605-1544.jar:na]
	at org.eclipse.swt.widgets.Widget.sendEvent(Widget.java:1416) [org.eclipse.swt.gtk.linux.x86_64_3.102.0.v20130605-1544.jar:na]
	at org.eclipse.swt.widgets.Widget.sendEvent(Widget.java:1401) [org.eclipse.swt.gtk.linux.x86_64_3.102.0.v20130605-1544.jar:na]
	at org.eclipse.swt.widgets.Widget.sendKeyEvent(Widget.java:1428) [org.eclipse.swt.gtk.linux.x86_64_3.102.0.v20130605-1544.jar:na]
	at org.eclipse.swt.widgets.Widget.gtk_key_press_event(Widget.java:829) [org.eclipse.swt.gtk.linux.x86_64_3.102.0.v20130605-1544.jar:na]
	at org.eclipse.swt.widgets.Control.gtk_key_press_event(Control.java:3236) [org.eclipse.swt.gtk.linux.x86_64_3.102.0.v20130605-1544.jar:na]
	at org.eclipse.swt.widgets.Composite.gtk_key_press_event(Composite.java:758) [org.eclipse.swt.gtk.linux.x86_64_3.102.0.v20130605-1544.jar:na]
	at org.eclipse.swt.widgets.Widget.windowProc(Widget.java:2096) [org.eclipse.swt.gtk.linux.x86_64_3.102.0.v20130605-1544.jar:na]
	at org.eclipse.swt.widgets.Control.windowProc(Control.java:5467) [org.eclipse.swt.gtk.linux.x86_64_3.102.0.v20130605-1544.jar:na]
	at org.eclipse.swt.widgets.Display.windowProc(Display.java:4569) [org.eclipse.swt.gtk.linux.x86_64_3.102.0.v20130605-1544.jar:na]
	at org.eclipse.swt.internal.gtk.OS._gtk_main_do_event(Native Method) [org.eclipse.swt.gtk.linux.x86_64_3.102.0.v20130605-1544.jar:na]
	at org.eclipse.swt.internal.gtk.OS.gtk_main_do_event(OS.java:8707) [org.eclipse.swt.gtk.linux.x86_64_3.102.0.v20130605-1544.jar:na]
	at org.eclipse.swt.widgets.Display.eventProc(Display.java:1243) [org.eclipse.swt.gtk.linux.x86_64_3.102.0.v20130605-1544.jar:na]
	at org.eclipse.swt.internal.gtk.OS._g_main_context_iteration(Native Method) [org.eclipse.swt.gtk.linux.x86_64_3.102.0.v20130605-1544.jar:na]
	at org.eclipse.swt.internal.gtk.OS.g_main_context_iteration(OS.java:2287) [org.eclipse.swt.gtk.linux.x86_64_3.102.0.v20130605-1544.jar:na]
	at org.eclipse.swt.widgets.Display.readAndDispatch(Display.java:3361) [org.eclipse.swt.gtk.linux.x86_64_3.102.0.v20130605-1544.jar:na]
	at org.eclipse.e4.ui.internal.workbench.swt.PartRenderingEngine$9.run(PartRenderingEngine.java:1113) [org.eclipse.e4.ui.workbench.swt_0.12.0.v20130517-0139.jar:na]
	at org.eclipse.core.databinding.observable.Realm.runWithDefault(Realm.java:332) [org.eclipse.core.databinding.observable_1.4.1.v20130515-1857.jar:na]
	at org.eclipse.e4.ui.internal.workbench.swt.PartRenderingEngine.run(PartRenderingEngine.java:997) [org.eclipse.e4.ui.workbench.swt_0.12.0.v20130517-0139.jar:na]
	at org.eclipse.e4.ui.internal.workbench.E4Workbench.createAndRunUI(E4Workbench.java:138) [org.eclipse.e4.ui.workbench_1.0.0.v20130531-1444.jar:na]
	at org.eclipse.ui.internal.Workbench$5.run(Workbench.java:610) [org.eclipse.ui.workbench_3.105.0.v20130529-1406.jar:na]
	at org.eclipse.core.databinding.observable.Realm.runWithDefault(Realm.java:332) [org.eclipse.core.databinding.observable_1.4.1.v20130515-1857.jar:na]
	at org.eclipse.ui.internal.Workbench.createAndRunWorkbench(Workbench.java:567) [org.eclipse.ui.workbench_3.105.0.v20130529-1406.jar:na]
	at org.eclipse.ui.PlatformUI.createAndRunWorkbench(PlatformUI.java:150) [org.eclipse.ui.workbench_3.105.0.v20130529-1406.jar:na]
	at org.eclipse.ui.internal.ide.application.IDEApplication.start(IDEApplication.java:124) [org.eclipse.ui.ide.application_1.0.400.v20130326-1250.jar:na]
	at org.eclipse.equinox.internal.app.EclipseAppHandle.run(EclipseAppHandle.java:196) [org.eclipse.equinox.app_1.3.100.v20130327-1442.jar:na]
	at org.eclipse.core.runtime.internal.adaptor.EclipseAppLauncher.runApplication(EclipseAppLauncher.java:110) [org.eclipse.osgi_3.9.0.v20130529-1710.jar:na]
	at org.eclipse.core.runtime.internal.adaptor.EclipseAppLauncher.start(EclipseAppLauncher.java:79) [org.eclipse.osgi_3.9.0.v20130529-1710.jar:na]
	at org.eclipse.core.runtime.adaptor.EclipseStarter.run(EclipseStarter.java:354) [org.eclipse.osgi_3.9.0.v20130529-1710.jar:na]
	at org.eclipse.core.runtime.adaptor.EclipseStarter.run(EclipseStarter.java:181) [org.eclipse.osgi_3.9.0.v20130529-1710.jar:na]
	at sun.reflect.NativeMethodAccessorImpl.invoke0(Native Method) ~[na:1.7.0_15]
	at sun.reflect.NativeMethodAccessorImpl.invoke(NativeMethodAccessorImpl.java:57) ~[na:1.7.0_15]
	at sun.reflect.DelegatingMethodAccessorImpl.invoke(DelegatingMethodAccessorImpl.java:43) ~[na:1.7.0_15]
	at java.lang.reflect.Method.invoke(Method.java:601) ~[na:1.7.0_15]
	at org.eclipse.equinox.launcher.Main.invokeFramework(Main.java:636) [org.eclipse.equinox.launcher_1.3.0.v20130327-1440.jar:na]
	at org.eclipse.equinox.launcher.Main.basicRun(Main.java:591) [org.eclipse.equinox.launcher_1.3.0.v20130327-1440.jar:na]
	at org.eclipse.equinox.launcher.Main.run(Main.java:1450) [org.eclipse.equinox.launcher_1.3.0.v20130327-1440.jar:na]
	at org.eclipse.equinox.launcher.Main.main(Main.java:1426) [org.eclipse.equinox.launcher_1.3.0.v20130327-1440.jar:na]
2013-10-13 02:36:18,116 [Worker-6] WARN  o.e.r.i.rcp.repo.ModelRepository - 'remote-models (http://download.eclipse.org/recommenders/models/kepler/, releases+snapshots)' did not send ETAG header for 'org.eclipse.recommenders:index:pom:0.0.0'.
2013-10-13 02:36:18,146 [Worker-6] WARN  o.e.r.i.r.repo.UpdateModelIndexJob - Couldn't download search index. No (direct) internet connection? Need a proxy?
java.lang.NullPointerException: null
	at org.sonatype.aether.impl.internal.DefaultRepositorySystem.resolveDependencies(DefaultRepositorySystem.java:352) ~[aether-impl-1.13.1.jar:na]
	at org.eclipse.recommenders.internal.rcp.repo.ModelRepository.resolve(ModelRepository.java:226) ~[org.eclipse.recommenders.rcp_1.0.4.v20130612-1006-b77.jar:na]
	at org.eclipse.recommenders.internal.rcp.repo.UpdateModelIndexJob.downloadAndUnzipIndex(UpdateModelIndexJob.java:70) [org.eclipse.recommenders.rcp_1.0.4.v20130612-1006-b77.jar:na]
	at org.eclipse.recommenders.internal.rcp.repo.UpdateModelIndexJob.run(UpdateModelIndexJob.java:48) [org.eclipse.recommenders.rcp_1.0.4.v20130612-1006-b77.jar:na]
	at org.eclipse.core.internal.jobs.Worker.run(Worker.java:53) [org.eclipse.core.jobs_3.5.300.v20130429-1813.jar:na]
2013-10-13 02:36:18,150 [Worker-6] ERROR o.e.r.i.r.repo.ModelRepositoryIndex - Failed to open search index.
org.apache.lucene.index.IndexNotFoundException: no segments* file found in org.apache.lucene.store.MMapDirectory@/home/dammina/plugin_v_final/.metadata/.plugins/org.eclipse.recommenders.rcp/index lockFactory=org.apache.lucene.store.NativeFSLockFactory@638f3358: files: []
	at org.apache.lucene.index.SegmentInfos$FindSegmentsFile.run(SegmentInfos.java:712) ~[org.apache.lucene.core_3.5.0.v20120725-1805.jar:3.5.0 1204988 - simon - 2011-11-22 14:46:51]
	at org.apache.lucene.index.DirectoryReader.open(DirectoryReader.java:75) ~[org.apache.lucene.core_3.5.0.v20120725-1805.jar:3.5.0 1204988 - simon - 2011-11-22 14:46:51]
	at org.apache.lucene.index.IndexReader.open(IndexReader.java:462) ~[org.apache.lucene.core_3.5.0.v20120725-1805.jar:3.5.0 1204988 - simon - 2011-11-22 14:46:51]
	at org.apache.lucene.index.IndexReader.open(IndexReader.java:308) ~[org.apache.lucene.core_3.5.0.v20120725-1805.jar:3.5.0 1204988 - simon - 2011-11-22 14:46:51]
	at org.eclipse.recommenders.internal.rcp.repo.ModelRepositoryIndex.open(ModelRepositoryIndex.java:64) ~[org.eclipse.recommenders.rcp_1.0.4.v20130612-1006-b77.jar:na]
	at org.eclipse.recommenders.internal.rcp.repo.UpdateModelIndexJob.run(UpdateModelIndexJob.java:57) [org.eclipse.recommenders.rcp_1.0.4.v20130612-1006-b77.jar:na]
	at org.eclipse.core.internal.jobs.Worker.run(Worker.java:53) [org.eclipse.core.jobs_3.5.300.v20130429-1813.jar:na]
2013-10-13 02:40:42,341 [Start Help Server] INFO  org.eclipse.jetty.server.Server - jetty-8.1.10.v20130312
2013-10-13 02:40:42,433 [Start Help Server] INFO  o.e.jetty.server.AbstractConnector - Started SelectChannelConnector@127.0.0.1:52896
2013-10-13 04:04:52,817 [Stop Help Server] INFO  o.e.j.server.handler.ContextHandler - stopped o.e.j.s.ServletContextHandler{/help,null}
2013-10-13 09:23:33,823 [Start Help Server] INFO  org.eclipse.jetty.server.Server - jetty-8.1.10.v20130312
2013-10-13 09:23:33,875 [Start Help Server] INFO  o.e.jetty.server.AbstractConnector - Started SelectChannelConnector@127.0.0.1:36372
2013-10-13 09:30:49,656 [main] INFO  c.n.h.c.p.n.NettyAsyncHttpProvider - Number of application's worked threads is 8
2013-10-13 09:30:49,939 [pool-5-thread-1] INFO  c.n.h.c.p.n.NettyAsyncHttpProvider - Number of application's worked threads is 8
2013-10-13 09:30:50,024 [main] ERROR o.e.r.i.r.repo.ModelRepositoryIndex - Failed to open search index.
org.apache.lucene.index.IndexNotFoundException: no segments* file found in org.apache.lucene.store.MMapDirectory@/home/dammina/plugin_v_final/.metadata/.plugins/org.eclipse.recommenders.rcp/index lockFactory=org.apache.lucene.store.NativeFSLockFactory@67b2ccc4: files: []
	at org.apache.lucene.index.SegmentInfos$FindSegmentsFile.run(SegmentInfos.java:712) ~[org.apache.lucene.core_3.5.0.v20120725-1805.jar:3.5.0 1204988 - simon - 2011-11-22 14:46:51]
	at org.apache.lucene.index.DirectoryReader.open(DirectoryReader.java:75) ~[org.apache.lucene.core_3.5.0.v20120725-1805.jar:3.5.0 1204988 - simon - 2011-11-22 14:46:51]
	at org.apache.lucene.index.IndexReader.open(IndexReader.java:462) ~[org.apache.lucene.core_3.5.0.v20120725-1805.jar:3.5.0 1204988 - simon - 2011-11-22 14:46:51]
	at org.apache.lucene.index.IndexReader.open(IndexReader.java:308) ~[org.apache.lucene.core_3.5.0.v20120725-1805.jar:3.5.0 1204988 - simon - 2011-11-22 14:46:51]
	at org.eclipse.recommenders.internal.rcp.repo.ModelRepositoryIndex.open(ModelRepositoryIndex.java:64) ~[org.eclipse.recommenders.rcp_1.0.4.v20130612-1006-b77.jar:na]
	at org.eclipse.recommenders.internal.rcp.wiring.RecommendersModule$ServicesInitializer.<init>(RecommendersModule.java:377) [org.eclipse.recommenders.rcp_1.0.4.v20130612-1006-b77.jar:na]
	at sun.reflect.NativeConstructorAccessorImpl.newInstance0(Native Method) [na:1.7.0_15]
	at sun.reflect.NativeConstructorAccessorImpl.newInstance(NativeConstructorAccessorImpl.java:57) [na:1.7.0_15]
	at sun.reflect.DelegatingConstructorAccessorImpl.newInstance(DelegatingConstructorAccessorImpl.java:45) [na:1.7.0_15]
	at java.lang.reflect.Constructor.newInstance(Constructor.java:525) [na:1.7.0_15]
	at com.google.inject.internal.DefaultConstructionProxyFactory$1.newInstance(DefaultConstructionProxyFactory.java:85) [com.google.inject_3.0.0.v201203062045.jar:na]
	at com.google.inject.internal.ConstructorInjector.construct(ConstructorInjector.java:85) [com.google.inject_3.0.0.v201203062045.jar:na]
	at com.google.inject.internal.ConstructorBindingImpl$Factory.get(ConstructorBindingImpl.java:254) [com.google.inject_3.0.0.v201203062045.jar:na]
	at com.google.inject.internal.ProviderToInternalFactoryAdapter$1.call(ProviderToInternalFactoryAdapter.java:46) [com.google.inject_3.0.0.v201203062045.jar:na]
	at com.google.inject.internal.InjectorImpl.callInContext(InjectorImpl.java:1031) [com.google.inject_3.0.0.v201203062045.jar:na]
	at com.google.inject.internal.ProviderToInternalFactoryAdapter.get(ProviderToInternalFactoryAdapter.java:40) [com.google.inject_3.0.0.v201203062045.jar:na]
	at com.google.inject.Scopes$1$1.get(Scopes.java:65) [com.google.inject_3.0.0.v201203062045.jar:na]
	at com.google.inject.internal.InternalFactoryToProviderAdapter.get(InternalFactoryToProviderAdapter.java:40) [com.google.inject_3.0.0.v201203062045.jar:na]
	at com.google.inject.internal.InternalInjectorCreator$1.call(InternalInjectorCreator.java:204) [com.google.inject_3.0.0.v201203062045.jar:na]
	at com.google.inject.internal.InternalInjectorCreator$1.call(InternalInjectorCreator.java:198) [com.google.inject_3.0.0.v201203062045.jar:na]
	at com.google.inject.internal.InjectorImpl.callInContext(InjectorImpl.java:1024) [com.google.inject_3.0.0.v201203062045.jar:na]
	at com.google.inject.internal.InternalInjectorCreator.loadEagerSingletons(InternalInjectorCreator.java:198) [com.google.inject_3.0.0.v201203062045.jar:na]
	at com.google.inject.internal.InternalInjectorCreator.injectDynamically(InternalInjectorCreator.java:179) [com.google.inject_3.0.0.v201203062045.jar:na]
	at com.google.inject.internal.InternalInjectorCreator.build(InternalInjectorCreator.java:109) [com.google.inject_3.0.0.v201203062045.jar:na]
	at com.google.inject.Guice.createInjector(Guice.java:95) [com.google.inject_3.0.0.v201203062045.jar:na]
	at com.google.inject.Guice.createInjector(Guice.java:72) [com.google.inject_3.0.0.v201203062045.jar:na]
	at org.eclipse.recommenders.injection.InjectionService.getInjector(InjectionService.java:47) [org.eclipse.recommenders.injection_1.0.4.v20130612-1006-b77.jar:na]
	at org.eclipse.recommenders.injection.ExtensionFactory.<init>(ExtensionFactory.java:28) [org.eclipse.recommenders.injection_1.0.4.v20130612-1006-b77.jar:na]
	at sun.reflect.NativeConstructorAccessorImpl.newInstance0(Native Method) [na:1.7.0_15]
	at sun.reflect.NativeConstructorAccessorImpl.newInstance(NativeConstructorAccessorImpl.java:57) [na:1.7.0_15]
	at sun.reflect.DelegatingConstructorAccessorImpl.newInstance(DelegatingConstructorAccessorImpl.java:45) [na:1.7.0_15]
	at java.lang.reflect.Constructor.newInstance(Constructor.java:525) [na:1.7.0_15]
	at java.lang.Class.newInstance0(Class.java:374) [na:1.7.0_15]
	at java.lang.Class.newInstance(Class.java:327) [na:1.7.0_15]
	at org.eclipse.core.internal.registry.osgi.RegistryStrategyOSGI.createExecutableExtension(RegistryStrategyOSGI.java:184) [org.eclipse.equinox.registry_3.5.300.v20130327-1442.jar:na]
	at org.eclipse.core.internal.registry.ExtensionRegistry.createExecutableExtension(ExtensionRegistry.java:905) [org.eclipse.equinox.registry_3.5.300.v20130327-1442.jar:na]
	at org.eclipse.core.internal.registry.ConfigurationElement.createExecutableExtension(ConfigurationElement.java:243) [org.eclipse.equinox.registry_3.5.300.v20130327-1442.jar:na]
	at org.eclipse.core.internal.registry.ConfigurationElementHandle.createExecutableExtension(ConfigurationElementHandle.java:55) [org.eclipse.equinox.registry_3.5.300.v20130327-1442.jar:na]
	at org.eclipse.jdt.internal.ui.text.java.CompletionProposalComputerDescriptor.createComputer(CompletionProposalComputerDescriptor.java:308) [org.eclipse.jdt.ui_3.9.1.v20130820-1427.jar:na]
	at org.eclipse.jdt.internal.ui.text.java.CompletionProposalComputerDescriptor.getComputer(CompletionProposalComputerDescriptor.java:275) [org.eclipse.jdt.ui_3.9.1.v20130820-1427.jar:na]
	at org.eclipse.jdt.internal.ui.text.java.CompletionProposalComputerDescriptor.sessionStarted(CompletionProposalComputerDescriptor.java:418) [org.eclipse.jdt.ui_3.9.1.v20130820-1427.jar:na]
	at org.eclipse.jdt.internal.ui.text.java.CompletionProposalCategory.sessionStarted(CompletionProposalCategory.java:384) [org.eclipse.jdt.ui_3.9.1.v20130820-1427.jar:na]
	at org.eclipse.jdt.internal.ui.text.java.ContentAssistProcessor$CompletionListener.assistSessionStarted(ContentAssistProcessor.java:119) [org.eclipse.jdt.ui_3.9.1.v20130820-1427.jar:na]
	at org.eclipse.jface.text.contentassist.ContentAssistant.fireSessionBeginEvent(ContentAssistant.java:2221) [org.eclipse.jface.text_3.8.100.v20130515-1957.jar:na]
	at org.eclipse.jface.text.contentassist.ContentAssistant.prepareToShowCompletions(ContentAssistant.java:1696) [org.eclipse.jface.text_3.8.100.v20130515-1957.jar:na]
	at org.eclipse.jface.text.contentassist.ContentAssistant.showPossibleCompletions(ContentAssistant.java:1661) [org.eclipse.jface.text_3.8.100.v20130515-1957.jar:na]
	at org.eclipse.jdt.internal.ui.javaeditor.CompilationUnitEditor$AdaptedSourceViewer.doOperation(CompilationUnitEditor.java:183) [org.eclipse.jdt.ui_3.9.1.v20130820-1427.jar:na]
	at org.eclipse.ui.texteditor.ContentAssistAction$1.run(ContentAssistAction.java:82) [org.eclipse.ui.workbench.texteditor_3.8.100.v20130514-1533.jar:na]
	at org.eclipse.swt.custom.BusyIndicator.showWhile(BusyIndicator.java:70) [org.eclipse.swt.gtk.linux.x86_64_3.102.0.v20130605-1544.jar:na]
	at org.eclipse.ui.texteditor.ContentAssistAction.run(ContentAssistAction.java:80) [org.eclipse.ui.workbench.texteditor_3.8.100.v20130514-1533.jar:na]
	at org.eclipse.jface.action.Action.runWithEvent(Action.java:499) [org.eclipse.jface_3.9.0.v20130521-1714.jar:na]
	at org.eclipse.jface.commands.ActionHandler.execute(ActionHandler.java:119) [org.eclipse.jface_3.9.0.v20130521-1714.jar:na]
	at org.eclipse.ui.internal.handlers.E4HandlerProxy.execute(E4HandlerProxy.java:90) [org.eclipse.ui.workbench_3.105.0.v20130529-1406.jar:na]
	at sun.reflect.NativeMethodAccessorImpl.invoke0(Native Method) ~[na:1.7.0_15]
	at sun.reflect.NativeMethodAccessorImpl.invoke(NativeMethodAccessorImpl.java:57) ~[na:1.7.0_15]
	at sun.reflect.DelegatingMethodAccessorImpl.invoke(DelegatingMethodAccessorImpl.java:43) ~[na:1.7.0_15]
	at java.lang.reflect.Method.invoke(Method.java:601) ~[na:1.7.0_15]
	at org.eclipse.e4.core.internal.di.MethodRequestor.execute(MethodRequestor.java:56) [org.eclipse.e4.core.di_1.3.0.v20130514-1256.jar:na]
	at org.eclipse.e4.core.internal.di.InjectorImpl.invokeUsingClass(InjectorImpl.java:243) [org.eclipse.e4.core.di_1.3.0.v20130514-1256.jar:na]
	at org.eclipse.e4.core.internal.di.InjectorImpl.invoke(InjectorImpl.java:224) [org.eclipse.e4.core.di_1.3.0.v20130514-1256.jar:na]
	at org.eclipse.e4.core.contexts.ContextInjectionFactory.invoke(ContextInjectionFactory.java:132) [org.eclipse.e4.core.contexts_1.3.0.v20130514-1256.jar:na]
	at org.eclipse.e4.core.commands.internal.HandlerServiceHandler.execute(HandlerServiceHandler.java:167) [org.eclipse.e4.core.commands_0.10.2.v20130515-1857.jar:na]
	at org.eclipse.core.commands.Command.executeWithChecks(Command.java:499) [org.eclipse.core.commands_3.6.100.v20130515-1857.jar:na]
	at org.eclipse.core.commands.ParameterizedCommand.executeWithChecks(ParameterizedCommand.java:508) [org.eclipse.core.commands_3.6.100.v20130515-1857.jar:na]
	at org.eclipse.e4.core.commands.internal.HandlerServiceImpl.executeHandler(HandlerServiceImpl.java:213) [org.eclipse.e4.core.commands_0.10.2.v20130515-1857.jar:na]
	at org.eclipse.e4.ui.bindings.keys.KeyBindingDispatcher.executeCommand(KeyBindingDispatcher.java:285) [org.eclipse.e4.ui.bindings_0.10.100.v20130515-1857.jar:na]
	at org.eclipse.e4.ui.bindings.keys.KeyBindingDispatcher.press(KeyBindingDispatcher.java:504) [org.eclipse.e4.ui.bindings_0.10.100.v20130515-1857.jar:na]
	at org.eclipse.e4.ui.bindings.keys.KeyBindingDispatcher.processKeyEvent(KeyBindingDispatcher.java:555) [org.eclipse.e4.ui.bindings_0.10.100.v20130515-1857.jar:na]
	at org.eclipse.e4.ui.bindings.keys.KeyBindingDispatcher.filterKeySequenceBindings(KeyBindingDispatcher.java:376) [org.eclipse.e4.ui.bindings_0.10.100.v20130515-1857.jar:na]
	at org.eclipse.e4.ui.bindings.keys.KeyBindingDispatcher.access$0(KeyBindingDispatcher.java:322) [org.eclipse.e4.ui.bindings_0.10.100.v20130515-1857.jar:na]
	at org.eclipse.e4.ui.bindings.keys.KeyBindingDispatcher$KeyDownFilter.handleEvent(KeyBindingDispatcher.java:84) [org.eclipse.e4.ui.bindings_0.10.100.v20130515-1857.jar:na]
	at org.eclipse.swt.widgets.EventTable.sendEvent(EventTable.java:84) [org.eclipse.swt.gtk.linux.x86_64_3.102.0.v20130605-1544.jar:na]
	at org.eclipse.swt.widgets.Display.filterEvent(Display.java:1554) [org.eclipse.swt.gtk.linux.x86_64_3.102.0.v20130605-1544.jar:na]
	at org.eclipse.swt.widgets.Widget.sendEvent(Widget.java:1391) [org.eclipse.swt.gtk.linux.x86_64_3.102.0.v20130605-1544.jar:na]
	at org.eclipse.swt.widgets.Widget.sendEvent(Widget.java:1416) [org.eclipse.swt.gtk.linux.x86_64_3.102.0.v20130605-1544.jar:na]
	at org.eclipse.swt.widgets.Widget.sendEvent(Widget.java:1401) [org.eclipse.swt.gtk.linux.x86_64_3.102.0.v20130605-1544.jar:na]
	at org.eclipse.swt.widgets.Widget.sendKeyEvent(Widget.java:1428) [org.eclipse.swt.gtk.linux.x86_64_3.102.0.v20130605-1544.jar:na]
	at org.eclipse.swt.widgets.Widget.gtk_key_press_event(Widget.java:829) [org.eclipse.swt.gtk.linux.x86_64_3.102.0.v20130605-1544.jar:na]
	at org.eclipse.swt.widgets.Control.gtk_key_press_event(Control.java:3236) [org.eclipse.swt.gtk.linux.x86_64_3.102.0.v20130605-1544.jar:na]
	at org.eclipse.swt.widgets.Composite.gtk_key_press_event(Composite.java:758) [org.eclipse.swt.gtk.linux.x86_64_3.102.0.v20130605-1544.jar:na]
	at org.eclipse.swt.widgets.Widget.windowProc(Widget.java:2096) [org.eclipse.swt.gtk.linux.x86_64_3.102.0.v20130605-1544.jar:na]
	at org.eclipse.swt.widgets.Control.windowProc(Control.java:5467) [org.eclipse.swt.gtk.linux.x86_64_3.102.0.v20130605-1544.jar:na]
	at org.eclipse.swt.widgets.Display.windowProc(Display.java:4569) [org.eclipse.swt.gtk.linux.x86_64_3.102.0.v20130605-1544.jar:na]
	at org.eclipse.swt.internal.gtk.OS._gtk_main_do_event(Native Method) [org.eclipse.swt.gtk.linux.x86_64_3.102.0.v20130605-1544.jar:na]
	at org.eclipse.swt.internal.gtk.OS.gtk_main_do_event(OS.java:8707) [org.eclipse.swt.gtk.linux.x86_64_3.102.0.v20130605-1544.jar:na]
	at org.eclipse.swt.widgets.Display.eventProc(Display.java:1243) [org.eclipse.swt.gtk.linux.x86_64_3.102.0.v20130605-1544.jar:na]
	at org.eclipse.swt.internal.gtk.OS._g_main_context_iteration(Native Method) [org.eclipse.swt.gtk.linux.x86_64_3.102.0.v20130605-1544.jar:na]
	at org.eclipse.swt.internal.gtk.OS.g_main_context_iteration(OS.java:2287) [org.eclipse.swt.gtk.linux.x86_64_3.102.0.v20130605-1544.jar:na]
	at org.eclipse.swt.widgets.Display.readAndDispatch(Display.java:3361) [org.eclipse.swt.gtk.linux.x86_64_3.102.0.v20130605-1544.jar:na]
	at org.eclipse.e4.ui.internal.workbench.swt.PartRenderingEngine$9.run(PartRenderingEngine.java:1113) [org.eclipse.e4.ui.workbench.swt_0.12.0.v20130517-0139.jar:na]
	at org.eclipse.core.databinding.observable.Realm.runWithDefault(Realm.java:332) [org.eclipse.core.databinding.observable_1.4.1.v20130515-1857.jar:na]
	at org.eclipse.e4.ui.internal.workbench.swt.PartRenderingEngine.run(PartRenderingEngine.java:997) [org.eclipse.e4.ui.workbench.swt_0.12.0.v20130517-0139.jar:na]
	at org.eclipse.e4.ui.internal.workbench.E4Workbench.createAndRunUI(E4Workbench.java:138) [org.eclipse.e4.ui.workbench_1.0.0.v20130531-1444.jar:na]
	at org.eclipse.ui.internal.Workbench$5.run(Workbench.java:610) [org.eclipse.ui.workbench_3.105.0.v20130529-1406.jar:na]
	at org.eclipse.core.databinding.observable.Realm.runWithDefault(Realm.java:332) [org.eclipse.core.databinding.observable_1.4.1.v20130515-1857.jar:na]
	at org.eclipse.ui.internal.Workbench.createAndRunWorkbench(Workbench.java:567) [org.eclipse.ui.workbench_3.105.0.v20130529-1406.jar:na]
	at org.eclipse.ui.PlatformUI.createAndRunWorkbench(PlatformUI.java:150) [org.eclipse.ui.workbench_3.105.0.v20130529-1406.jar:na]
	at org.eclipse.ui.internal.ide.application.IDEApplication.start(IDEApplication.java:124) [org.eclipse.ui.ide.application_1.0.400.v20130326-1250.jar:na]
	at org.eclipse.equinox.internal.app.EclipseAppHandle.run(EclipseAppHandle.java:196) [org.eclipse.equinox.app_1.3.100.v20130327-1442.jar:na]
	at org.eclipse.core.runtime.internal.adaptor.EclipseAppLauncher.runApplication(EclipseAppLauncher.java:110) [org.eclipse.osgi_3.9.0.v20130529-1710.jar:na]
	at org.eclipse.core.runtime.internal.adaptor.EclipseAppLauncher.start(EclipseAppLauncher.java:79) [org.eclipse.osgi_3.9.0.v20130529-1710.jar:na]
	at org.eclipse.core.runtime.adaptor.EclipseStarter.run(EclipseStarter.java:354) [org.eclipse.osgi_3.9.0.v20130529-1710.jar:na]
	at org.eclipse.core.runtime.adaptor.EclipseStarter.run(EclipseStarter.java:181) [org.eclipse.osgi_3.9.0.v20130529-1710.jar:na]
	at sun.reflect.NativeMethodAccessorImpl.invoke0(Native Method) ~[na:1.7.0_15]
	at sun.reflect.NativeMethodAccessorImpl.invoke(NativeMethodAccessorImpl.java:57) ~[na:1.7.0_15]
	at sun.reflect.DelegatingMethodAccessorImpl.invoke(DelegatingMethodAccessorImpl.java:43) ~[na:1.7.0_15]
	at java.lang.reflect.Method.invoke(Method.java:601) ~[na:1.7.0_15]
	at org.eclipse.equinox.launcher.Main.invokeFramework(Main.java:636) [org.eclipse.equinox.launcher_1.3.0.v20130327-1440.jar:na]
	at org.eclipse.equinox.launcher.Main.basicRun(Main.java:591) [org.eclipse.equinox.launcher_1.3.0.v20130327-1440.jar:na]
	at org.eclipse.equinox.launcher.Main.run(Main.java:1450) [org.eclipse.equinox.launcher_1.3.0.v20130327-1440.jar:na]
	at org.eclipse.equinox.launcher.Main.main(Main.java:1426) [org.eclipse.equinox.launcher_1.3.0.v20130327-1440.jar:na]
2013-10-13 09:31:07,619 [pool-8-thread-1] INFO  c.n.h.c.p.n.NettyAsyncHttpProvider - Number of application's worked threads is 8
2013-10-13 09:31:59,136 [pool-10-thread-1] INFO  c.n.h.c.p.n.NettyAsyncHttpProvider - Number of application's worked threads is 8
2013-10-13 09:32:04,908 [pool-12-thread-1] INFO  c.n.h.c.p.n.NettyAsyncHttpProvider - Number of application's worked threads is 8
2013-10-13 09:32:10,671 [pool-14-thread-1] INFO  c.n.h.c.p.n.NettyAsyncHttpProvider - Number of application's worked threads is 8
2013-10-13 09:33:20,628 [pool-16-thread-1] INFO  c.n.h.c.p.n.NettyAsyncHttpProvider - Number of application's worked threads is 8
2013-10-13 09:33:20,628 [pool-17-thread-1] INFO  c.n.h.c.p.n.NettyAsyncHttpProvider - Number of application's worked threads is 8
2013-10-13 09:33:22,319 [pool-20-thread-1] INFO  c.n.h.c.p.n.NettyAsyncHttpProvider - Number of application's worked threads is 8
2013-10-13 09:33:24,082 [pool-22-thread-1] INFO  c.n.h.c.p.n.NettyAsyncHttpProvider - Number of application's worked threads is 8
2013-10-13 09:35:36,057 [pool-24-thread-1] INFO  c.n.h.c.p.n.NettyAsyncHttpProvider - Number of application's worked threads is 8
2013-10-13 09:35:36,058 [pool-25-thread-1] INFO  c.n.h.c.p.n.NettyAsyncHttpProvider - Number of application's worked threads is 8
2013-10-13 09:35:36,058 [pool-26-thread-1] INFO  c.n.h.c.p.n.NettyAsyncHttpProvider - Number of application's worked threads is 8
2013-10-13 09:35:38,451 [pool-30-thread-1] INFO  c.n.h.c.p.n.NettyAsyncHttpProvider - Number of application's worked threads is 8
2013-10-13 09:37:57,427 [pool-32-thread-1] INFO  c.n.h.c.p.n.NettyAsyncHttpProvider - Number of application's worked threads is 8
2013-10-13 09:37:59,119 [pool-34-thread-1] INFO  c.n.h.c.p.n.NettyAsyncHttpProvider - Number of application's worked threads is 8
2013-10-13 09:38:34,368 [pool-36-thread-1] INFO  c.n.h.c.p.n.NettyAsyncHttpProvider - Number of application's worked threads is 8
2013-10-13 09:38:36,130 [pool-38-thread-1] INFO  c.n.h.c.p.n.NettyAsyncHttpProvider - Number of application's worked threads is 8
2013-10-13 09:49:26,975 [pool-40-thread-1] INFO  c.n.h.c.p.n.NettyAsyncHttpProvider - Number of application's worked threads is 8
2013-10-13 09:49:29,299 [pool-42-thread-1] INFO  c.n.h.c.p.n.NettyAsyncHttpProvider - Number of application's worked threads is 8
2013-10-13 09:49:31,190 [pool-44-thread-1] INFO  c.n.h.c.p.n.NettyAsyncHttpProvider - Number of application's worked threads is 8
2013-10-13 10:56:31,994 [Start Help Server] INFO  org.eclipse.jetty.server.Server - jetty-8.1.10.v20130312
2013-10-13 10:56:32,022 [Start Help Server] INFO  o.e.jetty.server.AbstractConnector - Started SelectChannelConnector@127.0.0.1:39801
2013-10-13 10:56:38,074 [main] INFO  c.n.h.c.p.n.NettyAsyncHttpProvider - Number of application's worked threads is 8
2013-10-13 12:00:53,854 [pool-6-thread-1] INFO  c.n.h.c.p.n.NettyAsyncHttpProvider - Number of application's worked threads is 8
2013-10-13 13:46:36,918 [Stop Help Server] INFO  o.e.j.server.handler.ContextHandler - stopped o.e.j.s.ServletContextHandler{/help,null}
2013-10-14 03:20:41,076 [Start Help Server] INFO  org.eclipse.jetty.server.Server - jetty-8.1.10.v20130312
2013-10-14 03:20:41,218 [Start Help Server] INFO  o.e.jetty.server.AbstractConnector - Started SelectChannelConnector@127.0.0.1:60580
2013-10-14 03:38:36,148 [Stop Help Server] INFO  o.e.j.server.handler.ContextHandler - stopped o.e.j.s.ServletContextHandler{/help,null}
2013-10-14 04:01:03,391 [Start Help Server] INFO  org.eclipse.jetty.server.Server - jetty-8.1.10.v20130312
2013-10-14 04:01:03,491 [Start Help Server] INFO  o.e.jetty.server.AbstractConnector - Started SelectChannelConnector@127.0.0.1:36908
2013-10-14 04:11:51,852 [Stop Help Server] INFO  o.e.j.server.handler.ContextHandler - stopped o.e.j.s.ServletContextHandler{/help,null}
2013-10-14 09:02:52,208 [main] INFO  c.n.h.c.p.n.NettyAsyncHttpProvider - Number of application's worked threads is 8
2013-10-14 09:02:52,509 [Worker-0] WARN  o.e.r.i.rcp.repo.ModelRepository - 'remote-models (http://download.eclipse.org/recommenders/models/kepler/, releases+snapshots)' did not send ETAG header for 'org.eclipse.recommenders:index:zip:0.0.0'.
2013-10-14 09:02:52,858 [pool-6-thread-1] INFO  c.n.h.c.p.n.NettyAsyncHttpProvider - Number of application's worked threads is 8
2013-10-14 09:02:52,873 [Worker-0] WARN  o.e.r.i.rcp.repo.ModelRepository - 'remote-models (http://download.eclipse.org/recommenders/models/kepler/, releases+snapshots)' did not send ETAG header for 'org.eclipse.recommenders:index:zip:0.0.0'.
2013-10-14 09:02:52,890 [Worker-0] WARN  o.e.r.i.r.repo.UpdateModelIndexJob - Updating index cancelled.
org.sonatype.aether.resolution.DependencyResolutionException: Could not transfer artifact org.eclipse.recommenders:index:zip:0.0.0 from/to remote-models (http://download.eclipse.org/recommenders/models/kepler/): Error transferring file: null to http://download.eclipse.org/recommenders/models/kepler/org/eclipse/recommenders/index/0.0.0/index-0.0.0.zip
	at org.sonatype.aether.impl.internal.DefaultRepositorySystem.resolveDependencies(DefaultRepositorySystem.java:375) ~[na:na]
	at org.eclipse.recommenders.internal.rcp.repo.ModelRepository.resolve(ModelRepository.java:226) ~[na:na]
	at org.eclipse.recommenders.internal.rcp.repo.UpdateModelIndexJob.downloadAndUnzipIndex(UpdateModelIndexJob.java:70) ~[na:na]
	at org.eclipse.recommenders.internal.rcp.repo.UpdateModelIndexJob.run(UpdateModelIndexJob.java:51) ~[na:na]
	at org.eclipse.core.internal.jobs.Worker.run(Worker.java:53) [org.eclipse.core.jobs_3.5.300.v20130429-1813.jar:na]
Caused by: org.sonatype.aether.resolution.ArtifactResolutionException: Could not transfer artifact org.eclipse.recommenders:index:zip:0.0.0 from/to remote-models (http://download.eclipse.org/recommenders/models/kepler/): Error transferring file: null to http://download.eclipse.org/recommenders/models/kepler/org/eclipse/recommenders/index/0.0.0/index-0.0.0.zip
	at org.sonatype.aether.impl.internal.DefaultArtifactResolver.resolve(DefaultArtifactResolver.java:538) ~[na:na]
	at org.sonatype.aether.impl.internal.DefaultArtifactResolver.resolveArtifacts(DefaultArtifactResolver.java:216) ~[na:na]
	at org.sonatype.aether.impl.internal.DefaultRepositorySystem.resolveDependencies(DefaultRepositorySystem.java:358) ~[na:na]
	... 4 common frames omitted
org.sonatype.aether.transfer.ArtifactTransferException: Could not transfer artifact org.eclipse.recommenders:index:zip:0.0.0 from/to remote-models (http://download.eclipse.org/recommenders/models/kepler/): Error transferring file: null to http://download.eclipse.org/recommenders/models/kepler/org/eclipse/recommenders/index/0.0.0/index-0.0.0.zip
	at org.sonatype.aether.connector.wagon.WagonRepositoryConnector$4.wrap(WagonRepositoryConnector.java:951) ~[na:na]
	at org.sonatype.aether.connector.wagon.WagonRepositoryConnector$4.wrap(WagonRepositoryConnector.java:941) ~[na:na]
	at org.sonatype.aether.connector.wagon.WagonRepositoryConnector$GetTask.run(WagonRepositoryConnector.java:669) ~[na:na]
	at org.sonatype.aether.util.concurrency.RunnableErrorForwarder$1.run(RunnableErrorForwarder.java:60) ~[na:na]
	at java.util.concurrent.ThreadPoolExecutor.runWorker(ThreadPoolExecutor.java:1145) ~[na:1.7.0_15]
	at java.util.concurrent.ThreadPoolExecutor$Worker.run(ThreadPoolExecutor.java:615) ~[na:1.7.0_15]
	at java.lang.Thread.run(Thread.java:722) ~[na:1.7.0_15]
Caused by: org.apache.maven.wagon.TransferFailedException: Error transferring file: null to http://download.eclipse.org/recommenders/models/kepler/org/eclipse/recommenders/index/0.0.0/index-0.0.0.zip
	at org.sonatype.maven.wagon.AhcWagon.fillInputData(AhcWagon.java:301) ~[na:na]
	at org.apache.maven.wagon.StreamWagon.getInputStream(StreamWagon.java:116) ~[na:na]
	at org.apache.maven.wagon.StreamWagon.getIfNewer(StreamWagon.java:88) ~[na:na]
	at org.apache.maven.wagon.StreamWagon.get(StreamWagon.java:61) ~[na:na]
	at org.sonatype.aether.connector.wagon.WagonRepositoryConnector$GetTask.run(WagonRepositoryConnector.java:601) ~[na:na]
	... 4 common frames omitted
Caused by: java.io.IOException: null to http://download.eclipse.org/recommenders/models/kepler/org/eclipse/recommenders/index/0.0.0/index-0.0.0.zip
	at org.sonatype.maven.wagon.AhcWagon.fillInputData(AhcWagon.java:270) ~[na:na]
	... 8 common frames omitted
Caused by: java.net.ConnectException: null to http://download.eclipse.org/recommenders/models/kepler/org/eclipse/recommenders/index/0.0.0/index-0.0.0.zip
	at com.ning.http.client.providers.netty.NettyConnectListener.operationComplete(NettyConnectListener.java:95) ~[na:na]
	at org.jboss.netty.channel.DefaultChannelFuture.notifyListener(DefaultChannelFuture.java:381) ~[na:na]
	at org.jboss.netty.channel.DefaultChannelFuture.addListener(DefaultChannelFuture.java:148) ~[na:na]
	at com.ning.http.client.providers.netty.NettyAsyncHttpProvider.doConnect(NettyAsyncHttpProvider.java:945) ~[na:na]
	at com.ning.http.client.providers.netty.NettyAsyncHttpProvider.execute(NettyAsyncHttpProvider.java:776) ~[na:na]
	at com.ning.http.client.AsyncHttpClient.executeRequest(AsyncHttpClient.java:484) ~[na:na]
	at com.ning.http.client.AsyncHttpClient$BoundRequestBuilder.execute(AsyncHttpClient.java:227) ~[na:na]
	at org.sonatype.maven.wagon.AhcWagon.fillInputData(AhcWagon.java:264) ~[na:na]
	... 8 common frames omitted
Caused by: java.nio.channels.UnresolvedAddressException: null
	at sun.nio.ch.Net.checkAddress(Net.java:85) ~[na:1.7.0_15]
	at sun.nio.ch.SocketChannelImpl.connect(SocketChannelImpl.java:597) ~[na:1.7.0_15]
	at org.jboss.netty.channel.socket.nio.NioClientSocketPipelineSink.connect(NioClientSocketPipelineSink.java:140) ~[na:na]
	at org.jboss.netty.channel.socket.nio.NioClientSocketPipelineSink.eventSunk(NioClientSocketPipelineSink.java:103) ~[na:na]
	at org.jboss.netty.handler.codec.oneone.OneToOneEncoder.handleDownstream(OneToOneEncoder.java:60) ~[na:na]
	at org.jboss.netty.handler.codec.http.HttpClientCodec.handleDownstream(HttpClientCodec.java:82) ~[na:na]
	at org.jboss.netty.handler.stream.ChunkedWriteHandler.handleDownstream(ChunkedWriteHandler.java:115) ~[na:na]
	at org.jboss.netty.channel.Channels.connect(Channels.java:541) ~[na:na]
	at org.jboss.netty.channel.AbstractChannel.connect(AbstractChannel.java:210) ~[na:na]
	at org.jboss.netty.bootstrap.ClientBootstrap.connect(ClientBootstrap.java:227) ~[na:na]
	at org.jboss.netty.bootstrap.ClientBootstrap.connect(ClientBootstrap.java:188) ~[na:na]
	at com.ning.http.client.providers.netty.NettyAsyncHttpProvider.doConnect(NettyAsyncHttpProvider.java:902) ~[na:na]
	... 12 common frames omitted
2013-10-14 11:31:40,045 [Start Help Server] INFO  org.eclipse.jetty.server.Server - jetty-8.1.10.v20130312
2013-10-14 11:31:40,090 [Start Help Server] INFO  o.e.jetty.server.AbstractConnector - Started SelectChannelConnector@127.0.0.1:55251
2013-10-14 11:48:31,842 [Stop Help Server] INFO  o.e.j.server.handler.ContextHandler - stopped o.e.j.s.ServletContextHandler{/help,null}
